0 info it worked if it ends with ok
1 verbose cli [ '/usr/bin/node', '/usr/bin/npm', 'install' ]
2 info using npm@1.4.28
3 info using node@v0.10.37
4 verbose node symlink /usr/bin/node
5 warn package.json doggies@0.0.0 No README data
6 verbose readDependencies using package.json deps
7 verbose install where, deps [ '/apps/canfinder/CanCenterBack',
7 verbose install   [ 'express',
7 verbose install     'body-parser',
7 verbose install     'multer',
7 verbose install     'method-override',
7 verbose install     'errorhandler',
7 verbose install     'mysql',
7 verbose install     'q',
7 verbose install     'socket.io',
7 verbose install     'compression',
7 verbose install     'http',
7 verbose install     'lodash',
7 verbose install     'domain-middleware' ] ]
8 info preinstall doggies@0.0.0
9 warn package.json http@0.0.0 http is also the name of a node core module.
10 warn package.json http@0.0.0 No description
11 warn package.json http@0.0.0 No repository field.
12 verbose readDependencies using package.json deps
13 verbose already installed skipping multer@0.1.6 /apps/canfinder/CanCenterBack
14 verbose already installed skipping method-override@2.2.0 /apps/canfinder/CanCenterBack
15 verbose already installed skipping errorhandler@1.2.1 /apps/canfinder/CanCenterBack
16 verbose cache add [ 'mysql@2.4.5', null ]
17 verbose cache add name=undefined spec="mysql@2.4.5" args=["mysql@2.4.5",null]
18 verbose parsed url { protocol: null,
18 verbose parsed url   slashes: null,
18 verbose parsed url   auth: null,
18 verbose parsed url   host: null,
18 verbose parsed url   port: null,
18 verbose parsed url   hostname: null,
18 verbose parsed url   hash: null,
18 verbose parsed url   search: null,
18 verbose parsed url   query: null,
18 verbose parsed url   pathname: 'mysql@2.4.5',
18 verbose parsed url   path: 'mysql@2.4.5',
18 verbose parsed url   href: 'mysql@2.4.5' }
19 verbose already installed skipping q@1.0.1 /apps/canfinder/CanCenterBack
20 verbose already installed skipping socket.io@1.1.0 /apps/canfinder/CanCenterBack
21 verbose already installed skipping compression@1.2.0 /apps/canfinder/CanCenterBack
22 verbose already installed skipping http@ /apps/canfinder/CanCenterBack
23 verbose already installed skipping lodash@ /apps/canfinder/CanCenterBack
24 verbose already installed skipping domain-middleware@ /apps/canfinder/CanCenterBack
25 verbose already installed skipping express@^4.12.4 /apps/canfinder/CanCenterBack
26 verbose already installed skipping body-parser@^1.5.2 /apps/canfinder/CanCenterBack
27 verbose cache add name="mysql" spec="2.4.5" args=["mysql","2.4.5"]
28 verbose parsed url { protocol: null,
28 verbose parsed url   slashes: null,
28 verbose parsed url   auth: null,
28 verbose parsed url   host: null,
28 verbose parsed url   port: null,
28 verbose parsed url   hostname: null,
28 verbose parsed url   hash: null,
28 verbose parsed url   search: null,
28 verbose parsed url   query: null,
28 verbose parsed url   pathname: '2.4.5',
28 verbose parsed url   path: '2.4.5',
28 verbose parsed url   href: '2.4.5' }
29 verbose addNamed [ 'mysql', '2.4.5' ]
30 verbose addNamed [ '2.4.5', '2.4.5' ]
31 silly lockFile 54e10068-mysql-2-4-5 mysql@2.4.5
32 verbose lock mysql@2.4.5 /home/facundo/.npm/54e10068-mysql-2-4-5.lock
33 verbose request where is /mysql
34 verbose request registry https://registry.npmjs.org/
35 verbose request id 68435d7fe4667d4d
36 verbose url raw /mysql
37 verbose url resolving [ 'https://registry.npmjs.org/', './mysql' ]
38 verbose url resolved https://registry.npmjs.org/mysql
39 verbose request where is https://registry.npmjs.org/mysql
40 info trying registry request attempt 1 at 21:07:55
41 http GET https://registry.npmjs.org/mysql
42 http 200 https://registry.npmjs.org/mysql
43 silly registry.get cb [ 200,
43 silly registry.get   { server: 'CouchDB/1.5.0 (Erlang OTP/R16B03)',
43 silly registry.get     etag: '"EU0NI1MISQRXPBF0PNNN9MV85"',
43 silly registry.get     'content-type': 'application/json',
43 silly registry.get     'cache-control': 'max-age=60',
43 silly registry.get     'content-length': '116854',
43 silly registry.get     'accept-ranges': 'bytes',
43 silly registry.get     date: 'Sat, 24 Oct 2015 00:07:56 GMT',
43 silly registry.get     via: '1.1 varnish',
43 silly registry.get     age: '46',
43 silly registry.get     connection: 'keep-alive',
43 silly registry.get     'x-served-by': 'cache-iad2140-IAD',
43 silly registry.get     'x-cache': 'HIT',
43 silly registry.get     'x-cache-hits': '131',
43 silly registry.get     'x-timer': 'S1445645276.821885,VS0,VE0',
43 silly registry.get     vary: 'Accept' } ]
44 silly lockFile 54e10068-mysql-2-4-5 mysql@2.4.5
45 silly lockFile 54e10068-mysql-2-4-5 mysql@2.4.5
46 error Error: version not found: mysql@2.4.5
46 error     at /usr/lib/node_modules/npm/lib/cache/add-named.js:125:12
46 error     at saved (/usr/lib/node_modules/npm/node_modules/npm-registry-client/lib/get.js:167:7)
46 error     at Object.oncomplete (fs.js:108:15)
47 error If you need help, you may report this *entire* log,
47 error including the npm and node versions, at:
47 error     <http://github.com/npm/npm/issues>
48 error System Linux 3.2.0-91-generic
49 error command "/usr/bin/node" "/usr/bin/npm" "install"
50 error cwd /apps/canfinder/CanCenterBack
51 error node -v v0.10.37
52 error npm -v 1.4.28
53 verbose exit [ 1, true ]
